<?xml version="1.0" encoding="UTF-8"?>
<testsuite name="Cucumber" time="27.197" tests="4" skipped="0" failures="2" errors="0">
<testcase classname="Sorting and Filtering Apparel" name="Sorting Products by &lt;Attribute&gt; - Example #1.1" time="10.037">
<failure type="java.lang.AssertionError" message="Invalid Product List sorting by name, ordered by desc. Product List: Product(name=Body &quot;Banana&quot;, Long Sleeve, price=145.0), Product(name=Body &quot;Blackberry&quot;, Short Sleeve, price=145.0), Product(name=Body &quot;Carrot&quot;, Short Sleeve, price=145.0), Product(name=Body &quot;Cherry&quot;, Long Sleeve, price=145.0), Product(name=Body &quot;Chilli Pepper&quot;, Long Sleeve, price=145.0), Product(name=Body &quot;Lemon&quot;, Long Sleeve, price=145.0), Product(name=Body &quot;Raspberry&quot;, Short Sleeve, price=145.0), Product(name=Body &quot;Watermelon&quot;, Short Sleeve, price=145.0), Product(name=Body for Premature Babies, price=90.0), Product(name=Caramel Badge, price=30.0), Product(name=Cherry Badge, price=30.0), Product(name=Eggplant Badge, price=30.0), Product(name=Fish Leather Belt, price=1700.0), Product(name=Fish Leather Clutch, price=2200.0), Product(name=Fish Leather Clutch (one-of-a-kind product), price=3200.0), Product(name=Fish Leather Purse, price=2360.0), Product(name=Grape Badge, price=30.0), Product(name=Jar Badge, price=30.0), Product(name=Men's T-Shirt &quot;Artichoke&quot;, price=350.0), Product(name=Men's T-Shirt &quot;Avocado&quot;, price=350.0), Product(name=Men's T-Shirt &quot;Broccoli&quot;, price=350.0), Product(name=Men's T-Shirt &quot;Cherry&quot;, price=350.0), Product(name=Men's T-Shirt &quot;Chilli&quot;, price=350.0), Product(name=Men's T-Shirt &quot;Fig&quot;, price=350.0), Product(name=Men's T-Shirt &quot;Lemon&quot;, price=350.0), Product(name=Men's T-Shirt &quot;Plum&quot;, price=350.0), Product(name=Men's T-Shirt &quot;Pomegranate&quot;, price=350.0), Product(name=Men's T-Shirt &quot;Strawberry&quot;, price=350.0), Product(name=Men's T-Shirt &quot;Watermelon&quot;, price=350.0), Product(name=Mirror Badge, price=30.0), Product(name=Oval Badge, price=30.0), Product(name=Pencil Badge, price=30.0), Product(name=Premature Baby Hat (with Laces), price=36.0), Product(name=Premature Baby Hat (without Laces), price=36.0), Product(name=Premature Baby Mittens, price=12.0), Product(name=Premature Baby Pants, price=65.0), Product(name=Premature Baby Romper (Velcro Band and Buttons), price=135.0), Product(name=Premature Baby Romper (Velcro Band), price=100.0), Product(name=Premature Baby Set (Classic Romper, Hat), price=170.0), Product(name=Premature Baby Set (Pants, Body, Hat), price=195.0), Product(name=Premature Baby Set (Standard), price=568.0), Product(name=Premature Baby Set (Summer Romper, Hat), price=150.0), Product(name=Premature Baby Set (Velcro Romper, Hat), price=170.0), Product(name=Round Badge, price=30.0), Product(name=Set &quot;Cocoon&quot; for the Newborns, price=300.0), Product(name=Set &quot;Ingerul pazitor&quot;, 10 items, price=686.0), Product(name=Set &quot;Ingerul pazitor&quot;, 14 items, price=1401.0), Product(name=Set for Premature Babies (Incubator), 6 items, price=235.0), Product(name=Set for Premature Babies (Incubator), 7 items, price=390.0), Product(name=Sleeveless Premature Baby Romper, price=140.0), Product(name=Socks for Premature Babies, price=22.0), Product(name=Stamp Badge, price=30.0), Product(name=Strawberry Badge, price=30.0), Product(name=T-Shirt &quot;Artichoke&quot; for Children, price=250.0), Product(name=T-Shirt &quot;Avocado&quot; for Children, price=250.0), Product(name=T-Shirt &quot;Broccoli&quot; for Children, price=250.0), Product(name=T-Shirt &quot;Cherry&quot; for Children, price=250.0), Product(name=T-Shirt &quot;Chilli&quot; for Children, price=250.0), Product(name=T-Shirt &quot;Fig&quot; for Children, price=250.0), Product(name=T-Shirt &quot;Lemon&quot; for Children, price=250.0), Product(name=T-Shirt &quot;Plum&quot; for Children, price=250.0), Product(name=T-Shirt &quot;Pomegranate&quot; for Children, price=250.0), Product(name=T-Shirt &quot;Strawberry&quot; for Children, price=250.0), Product(name=T-Shirt &quot;Watermelon&quot; for Children, price=250.0), Product(name=Tomato Badge, price=30.0), Product(name=Watermelon Badge, price=30.0), Product(name=What Do You Think Badge, price=30.0), Product(name=Women's T-Shirt &quot;Artichoke&quot;, price=350.0), Product(name=Women's T-Shirt &quot;Avocado&quot;, price=350.0), Product(name=Women's T-Shirt &quot;Broccoli&quot;, price=350.0), Product(name=Women's T-Shirt &quot;Cherry&quot;, price=350.0), Product(name=Women's T-Shirt &quot;Chilli&quot;, price=350.0), Product(name=Women's T-Shirt &quot;Fig&quot;, price=350.0), Product(name=Women's T-Shirt &quot;Lemon&quot;, price=350.0), Product(name=Women's T-Shirt &quot;Plum&quot;, price=350.0), Product(name=Women's T-Shirt &quot;Pomegranate&quot;, price=350.0), Product(name=Women's T-Shirt &quot;Strawberry&quot;, price=350.0), Product(name=Women's T-Shirt &quot;Watermelon&quot;, price=350.0) expected [true] but found [false]">
<![CDATA[java.lang.AssertionError: Invalid Product List sorting by name, ordered by desc. Product List: Product(name=Body "Banana", Long Sleeve, price=145.0), Product(name=Body "Blackberry", Short Sleeve, price=145.0), Product(name=Body "Carrot", Short Sleeve, price=145.0), Product(name=Body "Cherry", Long Sleeve, price=145.0), Product(name=Body "Chilli Pepper", Long Sleeve, price=145.0), Product(name=Body "Lemon", Long Sleeve, price=145.0), Product(name=Body "Raspberry", Short Sleeve, price=145.0), Product(name=Body "Watermelon", Short Sleeve, price=145.0), Product(name=Body for Premature Babies, price=90.0), Product(name=Caramel Badge, price=30.0), Product(name=Cherry Badge, price=30.0), Product(name=Eggplant Badge, price=30.0), Product(name=Fish Leather Belt, price=1700.0), Product(name=Fish Leather Clutch, price=2200.0), Product(name=Fish Leather Clutch (one-of-a-kind product), price=3200.0), Product(name=Fish Leather Purse, price=2360.0), Product(name=Grape Badge, price=30.0), Product(name=Jar Badge, price=30.0), Product(name=Men's T-Shirt "Artichoke", price=350.0), Product(name=Men's T-Shirt "Avocado", price=350.0), Product(name=Men's T-Shirt "Broccoli", price=350.0), Product(name=Men's T-Shirt "Cherry", price=350.0), Product(name=Men's T-Shirt "Chilli", price=350.0), Product(name=Men's T-Shirt "Fig", price=350.0), Product(name=Men's T-Shirt "Lemon", price=350.0), Product(name=Men's T-Shirt "Plum", price=350.0), Product(name=Men's T-Shirt "Pomegranate", price=350.0), Product(name=Men's T-Shirt "Strawberry", price=350.0), Product(name=Men's T-Shirt "Watermelon", price=350.0), Product(name=Mirror Badge, price=30.0), Product(name=Oval Badge, price=30.0), Product(name=Pencil Badge, price=30.0), Product(name=Premature Baby Hat (with Laces), price=36.0), Product(name=Premature Baby Hat (without Laces), price=36.0), Product(name=Premature Baby Mittens, price=12.0), Product(name=Premature Baby Pants, price=65.0), Product(name=Premature Baby Romper (Velcro Band and Buttons), price=135.0), Product(name=Premature Baby Romper (Velcro Band), price=100.0), Product(name=Premature Baby Set (Classic Romper, Hat), price=170.0), Product(name=Premature Baby Set (Pants, Body, Hat), price=195.0), Product(name=Premature Baby Set (Standard), price=568.0), Product(name=Premature Baby Set (Summer Romper, Hat), price=150.0), Product(name=Premature Baby Set (Velcro Romper, Hat), price=170.0), Product(name=Round Badge, price=30.0), Product(name=Set "Cocoon" for the Newborns, price=300.0), Product(name=Set "Ingerul pazitor", 10 items, price=686.0), Product(name=Set "Ingerul pazitor", 14 items, price=1401.0), Product(name=Set for Premature Babies (Incubator), 6 items, price=235.0), Product(name=Set for Premature Babies (Incubator), 7 items, price=390.0), Product(name=Sleeveless Premature Baby Romper, price=140.0), Product(name=Socks for Premature Babies, price=22.0), Product(name=Stamp Badge, price=30.0), Product(name=Strawberry Badge, price=30.0), Product(name=T-Shirt "Artichoke" for Children, price=250.0), Product(name=T-Shirt "Avocado" for Children, price=250.0), Product(name=T-Shirt "Broccoli" for Children, price=250.0), Product(name=T-Shirt "Cherry" for Children, price=250.0), Product(name=T-Shirt "Chilli" for Children, price=250.0), Product(name=T-Shirt "Fig" for Children, price=250.0), Product(name=T-Shirt "Lemon" for Children, price=250.0), Product(name=T-Shirt "Plum" for Children, price=250.0), Product(name=T-Shirt "Pomegranate" for Children, price=250.0), Product(name=T-Shirt "Strawberry" for Children, price=250.0), Product(name=T-Shirt "Watermelon" for Children, price=250.0), Product(name=Tomato Badge, price=30.0), Product(name=Watermelon Badge, price=30.0), Product(name=What Do You Think Badge, price=30.0), Product(name=Women's T-Shirt "Artichoke", price=350.0), Product(name=Women's T-Shirt "Avocado", price=350.0), Product(name=Women's T-Shirt "Broccoli", price=350.0), Product(name=Women's T-Shirt "Cherry", price=350.0), Product(name=Women's T-Shirt "Chilli", price=350.0), Product(name=Women's T-Shirt "Fig", price=350.0), Product(name=Women's T-Shirt "Lemon", price=350.0), Product(name=Women's T-Shirt "Plum", price=350.0), Product(name=Women's T-Shirt "Pomegranate", price=350.0), Product(name=Women's T-Shirt "Strawberry", price=350.0), Product(name=Women's T-Shirt "Watermelon", price=350.0) expected [true] but found [false]
	at org.testng.Assert.fail(Assert.java:110)
	at org.testng.Assert.failNotEquals(Assert.java:1577)
	at org.testng.Assert.assertTrue(Assert.java:56)
	at steps.ApparelStepdefs.theProductsShouldBeDisplayedInOrderOf(ApparelStepdefs.java:37)
	at ✽.the products should be displayed in "asc" order of "name"(file:///C:/Users/Admin/OneDrive/Desktop/shop.md/shop.md/src/test/resources/features/apparel_sorting_and_filtering.feature:15)
]]>
</failure>
<system-out><![CDATA[
Given I am on the "Apparel" webpage.........................................passed
When I choose to sort products by "product.name.asc"........................passed
Then the products should be displayed in "asc" order of "name"..............failed
]]></system-out>
</testcase>
<testcase classname="Sorting and Filtering Apparel" name="Sorting Products by &lt;Attribute&gt; - Example #1.2" time="5.504">
<system-out><![CDATA[
Given I am on the "Apparel" webpage.........................................passed
When I choose to sort products by "product.name.desc".......................passed
Then the products should be displayed in "desc" order of "name".............passed
]]></system-out>
</testcase>
<testcase classname="Sorting and Filtering Apparel" name="Sorting Products by &lt;Attribute&gt; - Example #1.3" time="5.592">
<failure type="java.lang.AssertionError" message="Invalid Product List sorting by price, ordered by desc. Product List: Product(name=Premature Baby Mittens, price=12.0), Product(name=Socks for Premature Babies, price=22.0), Product(name=Tomato Badge, price=30.0), Product(name=Eggplant Badge, price=30.0), Product(name=Stamp Badge, price=30.0), Product(name=Pencil Badge, price=30.0), Product(name=Caramel Badge, price=30.0), Product(name=What Do You Think Badge, price=30.0), Product(name=Jar Badge, price=30.0), Product(name=Strawberry Badge, price=30.0), Product(name=Watermelon Badge, price=30.0), Product(name=Round Badge, price=30.0), Product(name=Cherry Badge, price=30.0), Product(name=Mirror Badge, price=30.0), Product(name=Grape Badge, price=30.0), Product(name=Oval Badge, price=30.0), Product(name=Premature Baby Hat (with Laces), price=36.0), Product(name=Premature Baby Hat (without Laces), price=36.0), Product(name=Premature Baby Pants, price=65.0), Product(name=Body for Premature Babies, price=90.0), Product(name=Premature Baby Romper (Velcro Band), price=100.0), Product(name=Premature Baby Romper (Velcro Band and Buttons), price=135.0), Product(name=Sleeveless Premature Baby Romper, price=140.0), Product(name=Body &quot;Banana&quot;, Long Sleeve, price=145.0), Product(name=Body &quot;Lemon&quot;, Long Sleeve, price=145.0), Product(name=Body &quot;Chilli Pepper&quot;, Long Sleeve, price=145.0), Product(name=Body &quot;Cherry&quot;, Long Sleeve, price=145.0), Product(name=Body &quot;Watermelon&quot;, Short Sleeve, price=145.0), Product(name=Body &quot;Blackberry&quot;, Short Sleeve, price=145.0), Product(name=Body &quot;Carrot&quot;, Short Sleeve, price=145.0), Product(name=Body &quot;Raspberry&quot;, Short Sleeve, price=145.0), Product(name=Premature Baby Set (Summer Romper, Hat), price=150.0), Product(name=Premature Baby Set (Classic Romper, Hat), price=170.0), Product(name=Premature Baby Set (Velcro Romper, Hat), price=170.0), Product(name=Premature Baby Set (Pants, Body, Hat), price=195.0), Product(name=Set for Premature Babies (Incubator), 6 items, price=235.0), Product(name=T-Shirt &quot;Plum&quot; for Children, price=250.0), Product(name=T-Shirt &quot;Cherry&quot; for Children, price=250.0), Product(name=T-Shirt &quot;Avocado&quot; for Children, price=250.0), Product(name=T-Shirt &quot;Fig&quot; for Children, price=250.0), Product(name=T-Shirt &quot;Lemon&quot; for Children, price=250.0), Product(name=T-Shirt &quot;Chilli&quot; for Children, price=250.0), Product(name=T-Shirt &quot;Pomegranate&quot; for Children, price=250.0), Product(name=T-Shirt &quot;Artichoke&quot; for Children, price=250.0), Product(name=T-Shirt &quot;Broccoli&quot; for Children, price=250.0), Product(name=T-Shirt &quot;Watermelon&quot; for Children, price=250.0), Product(name=T-Shirt &quot;Strawberry&quot; for Children, price=250.0), Product(name=Set &quot;Cocoon&quot; for the Newborns, price=300.0), Product(name=Women's T-Shirt &quot;Broccoli&quot;, price=350.0), Product(name=Men's T-Shirt &quot;Lemon&quot;, price=350.0), Product(name=Men's T-Shirt &quot;Chilli&quot;, price=350.0), Product(name=Women's T-Shirt &quot;Watermelon&quot;, price=350.0), Product(name=Men's T-Shirt &quot;Pomegranate&quot;, price=350.0), Product(name=Women's T-Shirt &quot;Strawberry&quot;, price=350.0), Product(name=Men's T-Shirt &quot;Artichoke&quot;, price=350.0), Product(name=Women's T-Shirt &quot;Plum&quot;, price=350.0), Product(name=Women's T-Shirt &quot;Cherry&quot;, price=350.0), Product(name=Men's T-Shirt &quot;Broccoli&quot;, price=350.0), Product(name=Women's T-Shirt &quot;Avocado&quot;, price=350.0), Product(name=Women's T-Shirt &quot;Fig&quot;, price=350.0), Product(name=Women's T-Shirt &quot;Artichoke&quot;, price=350.0), Product(name=Men's T-Shirt &quot;Avocado&quot;, price=350.0), Product(name=Men's T-Shirt &quot;Fig&quot;, price=350.0), Product(name=Women's T-Shirt &quot;Broccoli&quot;, price=350.0), Product(name=Men's T-Shirt &quot;Lemon&quot;, price=350.0), Product(name=Men's T-Shirt &quot;Chilli&quot;, price=350.0), Product(name=Women's T-Shirt &quot;Watermelon&quot;, price=350.0), Product(name=Men's T-Shirt &quot;Pomegranate&quot;, price=350.0), Product(name=Women's T-Shirt &quot;Strawberry&quot;, price=350.0), Product(name=Men's T-Shirt &quot;Artichoke&quot;, price=350.0), Product(name=Set for Premature Babies (Incubator), 7 items, price=390.0), Product(name=Premature Baby Set (Standard), price=568.0), Product(name=Set &quot;Ingerul pazitor&quot;, 10 items, price=686.0), Product(name=Set &quot;Ingerul pazitor&quot;, 14 items, price=1401.0), Product(name=Fish Leather Belt, price=1700.0), Product(name=Fish Leather Clutch, price=2200.0), Product(name=Fish Leather Purse, price=2360.0), Product(name=Fish Leather Clutch (one-of-a-kind product), price=3200.0) expected [true] but found [false]">
<![CDATA[java.lang.AssertionError: Invalid Product List sorting by price, ordered by desc. Product List: Product(name=Premature Baby Mittens, price=12.0), Product(name=Socks for Premature Babies, price=22.0), Product(name=Tomato Badge, price=30.0), Product(name=Eggplant Badge, price=30.0), Product(name=Stamp Badge, price=30.0), Product(name=Pencil Badge, price=30.0), Product(name=Caramel Badge, price=30.0), Product(name=What Do You Think Badge, price=30.0), Product(name=Jar Badge, price=30.0), Product(name=Strawberry Badge, price=30.0), Product(name=Watermelon Badge, price=30.0), Product(name=Round Badge, price=30.0), Product(name=Cherry Badge, price=30.0), Product(name=Mirror Badge, price=30.0), Product(name=Grape Badge, price=30.0), Product(name=Oval Badge, price=30.0), Product(name=Premature Baby Hat (with Laces), price=36.0), Product(name=Premature Baby Hat (without Laces), price=36.0), Product(name=Premature Baby Pants, price=65.0), Product(name=Body for Premature Babies, price=90.0), Product(name=Premature Baby Romper (Velcro Band), price=100.0), Product(name=Premature Baby Romper (Velcro Band and Buttons), price=135.0), Product(name=Sleeveless Premature Baby Romper, price=140.0), Product(name=Body "Banana", Long Sleeve, price=145.0), Product(name=Body "Lemon", Long Sleeve, price=145.0), Product(name=Body "Chilli Pepper", Long Sleeve, price=145.0), Product(name=Body "Cherry", Long Sleeve, price=145.0), Product(name=Body "Watermelon", Short Sleeve, price=145.0), Product(name=Body "Blackberry", Short Sleeve, price=145.0), Product(name=Body "Carrot", Short Sleeve, price=145.0), Product(name=Body "Raspberry", Short Sleeve, price=145.0), Product(name=Premature Baby Set (Summer Romper, Hat), price=150.0), Product(name=Premature Baby Set (Classic Romper, Hat), price=170.0), Product(name=Premature Baby Set (Velcro Romper, Hat), price=170.0), Product(name=Premature Baby Set (Pants, Body, Hat), price=195.0), Product(name=Set for Premature Babies (Incubator), 6 items, price=235.0), Product(name=T-Shirt "Plum" for Children, price=250.0), Product(name=T-Shirt "Cherry" for Children, price=250.0), Product(name=T-Shirt "Avocado" for Children, price=250.0), Product(name=T-Shirt "Fig" for Children, price=250.0), Product(name=T-Shirt "Lemon" for Children, price=250.0), Product(name=T-Shirt "Chilli" for Children, price=250.0), Product(name=T-Shirt "Pomegranate" for Children, price=250.0), Product(name=T-Shirt "Artichoke" for Children, price=250.0), Product(name=T-Shirt "Broccoli" for Children, price=250.0), Product(name=T-Shirt "Watermelon" for Children, price=250.0), Product(name=T-Shirt "Strawberry" for Children, price=250.0), Product(name=Set "Cocoon" for the Newborns, price=300.0), Product(name=Women's T-Shirt "Broccoli", price=350.0), Product(name=Men's T-Shirt "Lemon", price=350.0), Product(name=Men's T-Shirt "Chilli", price=350.0), Product(name=Women's T-Shirt "Watermelon", price=350.0), Product(name=Men's T-Shirt "Pomegranate", price=350.0), Product(name=Women's T-Shirt "Strawberry", price=350.0), Product(name=Men's T-Shirt "Artichoke", price=350.0), Product(name=Women's T-Shirt "Plum", price=350.0), Product(name=Women's T-Shirt "Cherry", price=350.0), Product(name=Men's T-Shirt "Broccoli", price=350.0), Product(name=Women's T-Shirt "Avocado", price=350.0), Product(name=Women's T-Shirt "Fig", price=350.0), Product(name=Women's T-Shirt "Artichoke", price=350.0), Product(name=Men's T-Shirt "Avocado", price=350.0), Product(name=Men's T-Shirt "Fig", price=350.0), Product(name=Women's T-Shirt "Broccoli", price=350.0), Product(name=Men's T-Shirt "Lemon", price=350.0), Product(name=Men's T-Shirt "Chilli", price=350.0), Product(name=Women's T-Shirt "Watermelon", price=350.0), Product(name=Men's T-Shirt "Pomegranate", price=350.0), Product(name=Women's T-Shirt "Strawberry", price=350.0), Product(name=Men's T-Shirt "Artichoke", price=350.0), Product(name=Set for Premature Babies (Incubator), 7 items, price=390.0), Product(name=Premature Baby Set (Standard), price=568.0), Product(name=Set "Ingerul pazitor", 10 items, price=686.0), Product(name=Set "Ingerul pazitor", 14 items, price=1401.0), Product(name=Fish Leather Belt, price=1700.0), Product(name=Fish Leather Clutch, price=2200.0), Product(name=Fish Leather Purse, price=2360.0), Product(name=Fish Leather Clutch (one-of-a-kind product), price=3200.0) expected [true] but found [false]
	at org.testng.Assert.fail(Assert.java:110)
	at org.testng.Assert.failNotEquals(Assert.java:1577)
	at org.testng.Assert.assertTrue(Assert.java:56)
	at steps.ApparelStepdefs.theProductsShouldBeDisplayedInOrderOf(ApparelStepdefs.java:37)
	at ✽.the products should be displayed in "asc" order of "price"(file:///C:/Users/Admin/OneDrive/Desktop/shop.md/shop.md/src/test/resources/features/apparel_sorting_and_filtering.feature:15)
]]>
</failure>
<system-out><![CDATA[
Given I am on the "Apparel" webpage.........................................passed
When I choose to sort products by "product.price.asc".......................passed
Then the products should be displayed in "asc" order of "price".............failed
]]></system-out>
</testcase>
<testcase classname="Sorting and Filtering Apparel" name="Sorting Products by &lt;Attribute&gt; - Example #1.4" time="5.661">
<system-out><![CDATA[
Given I am on the "Apparel" webpage.........................................passed
When I choose to sort products by "product.price.desc"......................passed
Then the products should be displayed in "desc" order of "price"............passed
]]></system-out>
</testcase>
</testsuite>
